<?xml version="1.0" encoding="UTF-8"?>
<testng-results skipped="0" failed="1" ignored="0" total="5" passed="4">
  <reporter-output>
  </reporter-output>
  <suite name="Suite" duration-ms="23094" started-at="2018-07-16T12:11:02Z" finished-at="2018-07-16T12:11:26Z">
    <groups>
    </groups>
    <test name="ExampleTest" duration-ms="23094" started-at="2018-07-16T12:11:02Z" finished-at="2018-07-16T12:11:26Z">
      <class name="Flows.LoginLogout">
        <test-method status="PASS" signature="InitializeTest()[pri:0, instance:Flows.LoginLogout@6ea12c19]" name="InitializeTest" is-config="true" duration-ms="3154" started-at="2018-07-16T12:11:02Z" finished-at="2018-07-16T12:11:06Z">
          <reporter-output>
          </reporter-output>
        </test-method> <!-- InitializeTest -->
        <test-method status="PASS" signature="DemoQA()[pri:0, instance:Flows.LoginLogout@6ea12c19]" name="DemoQA" duration-ms="7267" started-at="2018-07-16T12:11:06Z" finished-at="2018-07-16T12:11:13Z">
          <reporter-output>
          </reporter-output>
        </test-method> <!-- DemoQA -->
        <test-method status="PASS" signature="InitializeTest()[pri:0, instance:Flows.LoginLogout@6ea12c19]" name="InitializeTest" is-config="true" duration-ms="1650" started-at="2018-07-16T12:11:13Z" finished-at="2018-07-16T12:11:15Z">
          <reporter-output>
          </reporter-output>
        </test-method> <!-- InitializeTest -->
        <test-method status="PASS" signature="EndTest()[pri:0, instance:Flows.LoginLogout@6ea12c19]" name="EndTest" is-config="true" duration-ms="0" started-at="2018-07-16T12:11:13Z" finished-at="2018-07-16T12:11:13Z">
          <reporter-output>
          </reporter-output>
        </test-method> <!-- EndTest -->
        <test-method status="PASS" signature="DemoQARegister()[pri:0, instance:Flows.LoginLogout@6ea12c19]" name="DemoQARegister" duration-ms="10925" started-at="2018-07-16T12:11:15Z" finished-at="2018-07-16T12:11:25Z">
          <reporter-output>
          </reporter-output>
        </test-method> <!-- DemoQARegister -->
        <test-method status="PASS" signature="EndTest()[pri:0, instance:Flows.LoginLogout@6ea12c19]" name="EndTest" is-config="true" duration-ms="0" started-at="2018-07-16T12:11:25Z" finished-at="2018-07-16T12:11:25Z">
          <reporter-output>
          </reporter-output>
        </test-method> <!-- EndTest -->
      </class> <!-- Flows.LoginLogout -->
      <class name="Flows.LoginLogout2">
        <test-method status="FAIL" signature="FirstTestCase()[pri:0, instance:Flows.LoginLogout2@6a024a67]" name="FirstTestCase" duration-ms="82" started-at="2018-07-16T12:11:25Z" finished-at="2018-07-16T12:11:26Z">
          <exception class="java.lang.AssertionError">
            <message>
              <![CDATA[Assertion Inside Catch expected [true] but found [false]]]>
            </message>
            <full-stacktrace>
              <![CDATA[java.lang.AssertionError: Assertion Inside Catch expected [true] but found [false]
at org.testng.Assert.fail(Assert.java:96)
at org.testng.Assert.failNotEquals(Assert.java:776)
at org.testng.Assert.assertTrue(Assert.java:44)
at Keywords.KeywordRepository.loadURL(KeywordRepository.java:104)
at Flows.LoginLogout2.FirstTestCase(LoginLogout2.java:26)
at sun.reflect.NativeMethodAccessorImpl.invoke0(Native Method)
at sun.reflect.NativeMethodAccessorImpl.invoke(NativeMethodAccessorImpl.java:62)
at sun.reflect.DelegatingMethodAccessorImpl.invoke(DelegatingMethodAccessorImpl.java:43)
at java.lang.reflect.Method.invoke(Method.java:498)
at org.testng.internal.MethodInvocationHelper.invokeMethod(MethodInvocationHelper.java:124)
at org.testng.internal.Invoker.invokeMethod(Invoker.java:583)
at org.testng.internal.Invoker.invokeTestMethod(Invoker.java:719)
at org.testng.internal.Invoker.invokeTestMethods(Invoker.java:989)
at org.testng.internal.TestMethodWorker.invokeTestMethods(TestMethodWorker.java:125)
at org.testng.internal.TestMethodWorker.run(TestMethodWorker.java:109)
at org.testng.TestRunner.privateRun(TestRunner.java:648)
at org.testng.TestRunner.run(TestRunner.java:505)
at org.testng.SuiteRunner.runTest(SuiteRunner.java:455)
at org.testng.SuiteRunner.runSequentially(SuiteRunner.java:450)
at org.testng.SuiteRunner.privateRun(SuiteRunner.java:415)
at org.testng.SuiteRunner.run(SuiteRunner.java:364)
at org.testng.SuiteRunnerWorker.runSuite(SuiteRunnerWorker.java:52)
at org.testng.SuiteRunnerWorker.run(SuiteRunnerWorker.java:84)
at org.testng.TestNG.runSuitesSequentially(TestNG.java:1208)
at org.testng.TestNG.runSuitesLocally(TestNG.java:1137)
at org.testng.TestNG.runSuites(TestNG.java:1049)
at org.testng.TestNG.run(TestNG.java:1017)
at org.apache.maven.surefire.testng.TestNGExecutor.run(TestNGExecutor.java:283)
at org.apache.maven.surefire.testng.TestNGXmlTestSuite.execute(TestNGXmlTestSuite.java:75)
at org.apache.maven.surefire.testng.TestNGProvider.invoke(TestNGProvider.java:120)
at org.apache.maven.surefire.booter.ForkedBooter.invokeProviderInSameClassLoader(ForkedBooter.java:383)
at org.apache.maven.surefire.booter.ForkedBooter.runSuitesInProcess(ForkedBooter.java:344)
at org.apache.maven.surefire.booter.ForkedBooter.execute(ForkedBooter.java:125)
at org.apache.maven.surefire.booter.ForkedBooter.main(ForkedBooter.java:417)
]]>
            </full-stacktrace>
          </exception> <!-- java.lang.AssertionError -->
          <reporter-output>
          </reporter-output>
        </test-method> <!-- FirstTestCase -->
        <test-method status="PASS" signature="EndTest()[pri:0, instance:Flows.LoginLogout2@6a024a67]" name="EndTest" is-config="true" duration-ms="0" started-at="2018-07-16T12:11:26Z" finished-at="2018-07-16T12:11:26Z">
          <reporter-output>
          </reporter-output>
        </test-method> <!-- EndTest -->
        <test-method status="PASS" signature="EndTest()[pri:0, instance:Flows.LoginLogout2@6a024a67]" name="EndTest" is-config="true" duration-ms="0" started-at="2018-07-16T12:11:26Z" finished-at="2018-07-16T12:11:26Z">
          <reporter-output>
          </reporter-output>
        </test-method> <!-- EndTest -->
        <test-method status="PASS" signature="SecondTestCase()[pri:0, instance:Flows.LoginLogout2@6a024a67]" name="SecondTestCase" duration-ms="0" started-at="2018-07-16T12:11:26Z" finished-at="2018-07-16T12:11:26Z">
          <reporter-output>
          </reporter-output>
        </test-method> <!-- SecondTestCase -->
        <test-method status="PASS" signature="ThirdTestCase()[pri:0, instance:Flows.LoginLogout2@6a024a67]" name="ThirdTestCase" duration-ms="0" started-at="2018-07-16T12:11:26Z" finished-at="2018-07-16T12:11:26Z">
          <reporter-output>
          </reporter-output>
        </test-method> <!-- ThirdTestCase -->
        <test-method status="PASS" signature="EndTest()[pri:0, instance:Flows.LoginLogout2@6a024a67]" name="EndTest" is-config="true" duration-ms="0" started-at="2018-07-16T12:11:26Z" finished-at="2018-07-16T12:11:26Z">
          <reporter-output>
          </reporter-output>
        </test-method> <!-- EndTest -->
      </class> <!-- Flows.LoginLogout2 -->
    </test> <!-- ExampleTest -->
  </suite> <!-- Suite -->
</testng-results>
